<?xml version="1.0" encoding="UTF-8"?>
<!-- Generated by org.testng.reporters.JUnitReportReporter -->
<testsuite hostname="CBT-002" name="delta.main.DeltaDriver" tests="1" failures="0" timestamp="4 Sep 2016 10:04:58 GMT" time="56.668" errors="0">
  <testcase name="testScenerios" time="56.668" classname="delta.main.DeltaDriver"/>
</testsuite> <!-- delta.main.DeltaDriver -->
